<?xml version="1.0" encoding="UTF-8"?>
<!-- Generated by org.testng.reporters.JUnitReportReporter -->
<testsuite hostname="DESKTOP-822SNQI" failures="0" tests="1" name="tests.FilterTest" time="49.653" errors="0" timestamp="2024-08-11T16:12:55 BDT" skipped="0">
  <testcase classname="tests.FilterTest" name="CreateFilter" time="49.653"/>
</testsuite> <!-- tests.FilterTest -->
