<?xml version="1.0" encoding="UTF-8"?>
<!-- Generated by org.testng.reporters.JUnitReportReporter -->
<testsuite hostname="DESKTOP-822SNQI" failures="0" tests="1" name="tests.Test_HomePage" time="32.202" errors="0" timestamp="2024-08-11T16:12:55 BDT" skipped="0">
  <testcase classname="tests.Test_HomePage" name="homepagetestmethod" time="32.202"/>
</testsuite> <!-- tests.Test_HomePage -->
