<?xml version="1.0" encoding="UTF-8"?>
<!-- Generated by org.testng.reporters.JUnitReportReporter -->
<testsuite hostname="DESKTOP-822SNQI" failures="0" tests="1" name="tests.Test_Add_to_Curt" time="16.682" errors="0" timestamp="2024-08-11T16:12:55 BDT" skipped="0">
  <testcase classname="tests.Test_Add_to_Curt" name="Add_to_Curt_Test_Mathod" time="16.682"/>
</testsuite> <!-- tests.Test_Add_to_Curt -->
